<?xml version="1.0" encoding="UTF-8"?>
<testng-results ignored="0" total="1" passed="1" failed="0" skipped="0">
  <reporter-output>
  </reporter-output>
  <suite started-at="2024-09-22T19:42:42 IST" name="Default suite" finished-at="2024-09-22T19:43:19 IST" duration-ms="36524">
    <groups>
      <group name="cucumber">
        <method signature="AbstractTestNGCucumberTests.runScenario(io.cucumber.testng.PickleWrapper,io.cucumber.testng.FeatureWrapper)[pri:0, instance:runner.LeadRunner@5b218417]" name="runScenario" class="io.cucumber.testng.AbstractTestNGCucumberTests"/>
      </group> <!-- cucumber -->
    </groups>
    <test started-at="2024-09-22T19:42:42 IST" name="Default test" finished-at="2024-09-22T19:43:19 IST" duration-ms="36524">
      <class name="runner.LeadRunner">
        <test-method is-config="true" signature="setUpClass(org.testng.ITestContext)[pri:0, instance:runner.LeadRunner@5b218417]" started-at="2024-09-22T19:42:42 IST" name="setUpClass" finished-at="2024-09-22T19:42:43 IST" duration-ms="762" status="PASS">
          <params>
            <param index="0">
              <value>
                <![CDATA[org.testng.TestRunner@77b3752b]]>
              </value>
            </param>
          </params>
          <reporter-output>
          </reporter-output>
        </test-method> <!-- setUpClass -->
        <test-method is-config="true" signature="preCondition()[pri:0, instance:runner.LeadRunner@5b218417]" started-at="2024-09-22T19:42:43 IST" name="preCondition" finished-at="2024-09-22T19:42:55 IST" duration-ms="11938" status="PASS">
          <reporter-output>
          </reporter-output>
        </test-method> <!-- preCondition -->
        <test-method signature="runScenario(io.cucumber.testng.PickleWrapper,io.cucumber.testng.FeatureWrapper)[pri:0, instance:runner.LeadRunner@5b218417]" started-at="2024-09-22T19:42:55 IST" name="runScenario" description="Runs Cucumber Scenarios" data-provider="scenarios" finished-at="2024-09-22T19:43:17 IST" duration-ms="21668" status="PASS">
          <params>
            <param index="0">
              <value>
                <![CDATA[""]]>
              </value>
            </param>
            <param index="1">
              <value>
                <![CDATA["LeafTab edit Lead"]]>
              </value>
            </param>
          </params>
          <reporter-output>
          </reporter-output>
        </test-method> <!-- runScenario -->
        <test-method is-config="true" signature="postCondition()[pri:0, instance:runner.LeadRunner@5b218417]" started-at="2024-09-22T19:43:17 IST" name="postCondition" finished-at="2024-09-22T19:43:17 IST" duration-ms="219" status="PASS">
          <reporter-output>
          </reporter-output>
        </test-method> <!-- postCondition -->
        <test-method is-config="true" signature="tearDownClass()[pri:0, instance:runner.LeadRunner@5b218417]" started-at="2024-09-22T19:43:17 IST" name="tearDownClass" finished-at="2024-09-22T19:43:19 IST" duration-ms="1873" status="PASS">
          <reporter-output>
          </reporter-output>
        </test-method> <!-- tearDownClass -->
      </class> <!-- runner.LeadRunner -->
    </test> <!-- Default test -->
  </suite> <!-- Default suite -->
</testng-results>
