<?xml version="1.0" encoding="UTF-8"?>
<testng-results ignored="0" total="1" passed="1" failed="0" skipped="0">
  <reporter-output>
  </reporter-output>
  <suite started-at="2024-09-18T20:10:19 IST" name="Default suite" finished-at="2024-09-18T20:11:13 IST" duration-ms="53343">
    <groups>
      <group name="cucumber">
        <method signature="AbstractTestNGCucumberTests.runScenario(io.cucumber.testng.PickleWrapper,io.cucumber.testng.FeatureWrapper)[pri:0, instance:runner.createLeadRunner@606e4010]" name="runScenario" class="io.cucumber.testng.AbstractTestNGCucumberTests"/>
      </group> <!-- cucumber -->
    </groups>
    <test started-at="2024-09-18T20:10:19 IST" name="Default test" finished-at="2024-09-18T20:11:13 IST" duration-ms="53343">
      <class name="runner.createLeadRunner">
        <test-method is-config="true" signature="setUpClass(org.testng.ITestContext)[pri:0, instance:runner.createLeadRunner@606e4010]" started-at="2024-09-18T20:10:19 IST" name="setUpClass" finished-at="2024-09-18T20:10:20 IST" duration-ms="1001" status="PASS">
          <params>
            <param index="0">
              <value>
                <![CDATA[org.testng.TestRunner@15a3b42]]>
              </value>
            </param>
          </params>
          <reporter-output>
          </reporter-output>
        </test-method> <!-- setUpClass -->
        <test-method signature="runScenario(io.cucumber.testng.PickleWrapper,io.cucumber.testng.FeatureWrapper)[pri:0, instance:runner.createLeadRunner@606e4010]" started-at="2024-09-18T20:10:20 IST" name="runScenario" description="Runs Cucumber Scenarios" data-provider="scenarios" finished-at="2024-09-18T20:11:11 IST" duration-ms="50732" status="PASS">
          <params>
            <param index="0">
              <value>
                <![CDATA["Create Lead"]]>
              </value>
            </param>
            <param index="1">
              <value>
                <![CDATA["LeafTab create Lead"]]>
              </value>
            </param>
          </params>
          <reporter-output>
          </reporter-output>
        </test-method> <!-- runScenario -->
        <test-method is-config="true" signature="tearDownClass()[pri:0, instance:runner.createLeadRunner@606e4010]" started-at="2024-09-18T20:11:11 IST" name="tearDownClass" finished-at="2024-09-18T20:11:13 IST" duration-ms="1541" status="PASS">
          <reporter-output>
          </reporter-output>
        </test-method> <!-- tearDownClass -->
      </class> <!-- runner.createLeadRunner -->
    </test> <!-- Default test -->
  </suite> <!-- Default suite -->
</testng-results>
