<?xml version="1.0" encoding="UTF-8"?>
<testng-results ignored="0" total="2" passed="2" failed="0" skipped="0">
  <reporter-output>
  </reporter-output>
  <suite started-at="2024-09-23T13:55:40 IST" name="Default suite" finished-at="2024-09-23T13:57:10 IST" duration-ms="89860">
    <groups>
      <group name="cucumber">
        <method signature="AbstractTestNGCucumberTests.runScenario(io.cucumber.testng.PickleWrapper,io.cucumber.testng.FeatureWrapper)[pri:0, instance:runner.LeadRunner@5b218417]" name="runScenario" class="io.cucumber.testng.AbstractTestNGCucumberTests"/>
      </group> <!-- cucumber -->
    </groups>
    <test started-at="2024-09-23T13:55:40 IST" name="Default test" finished-at="2024-09-23T13:57:10 IST" duration-ms="89860">
      <class name="runner.LeadRunner">
        <test-method is-config="true" signature="setUpClass(org.testng.ITestContext)[pri:0, instance:runner.LeadRunner@5b218417]" started-at="2024-09-23T13:55:40 IST" name="setUpClass" finished-at="2024-09-23T13:55:41 IST" duration-ms="832" status="PASS">
          <params>
            <param index="0">
              <value>
                <![CDATA[org.testng.TestRunner@7e3236d]]>
              </value>
            </param>
          </params>
          <reporter-output>
          </reporter-output>
        </test-method> <!-- setUpClass -->
        <test-method is-config="true" signature="preCondition()[pri:0, instance:runner.LeadRunner@5b218417]" started-at="2024-09-23T13:55:41 IST" name="preCondition" finished-at="2024-09-23T13:56:08 IST" duration-ms="27142" status="PASS">
          <reporter-output>
          </reporter-output>
        </test-method> <!-- preCondition -->
        <test-method signature="runScenario(io.cucumber.testng.PickleWrapper,io.cucumber.testng.FeatureWrapper)[pri:0, instance:runner.LeadRunner@5b218417]" started-at="2024-09-23T13:56:08 IST" name="runScenario" description="Runs Cucumber Scenarios" data-provider="scenarios" finished-at="2024-09-23T13:56:36 IST" duration-ms="27970" status="PASS">
          <params>
            <param index="0">
              <value>
                <![CDATA["Editing Lead"]]>
              </value>
            </param>
            <param index="1">
              <value>
                <![CDATA["LeafTab edit Lead"]]>
              </value>
            </param>
          </params>
          <reporter-output>
          </reporter-output>
        </test-method> <!-- runScenario -->
        <test-method is-config="true" signature="postCondition()[pri:0, instance:runner.LeadRunner@5b218417]" started-at="2024-09-23T13:56:36 IST" name="postCondition" finished-at="2024-09-23T13:56:42 IST" duration-ms="6289" status="PASS">
          <reporter-output>
          </reporter-output>
        </test-method> <!-- postCondition -->
        <test-method is-config="true" signature="preCondition()[pri:0, instance:runner.LeadRunner@5b218417]" started-at="2024-09-23T13:56:42 IST" name="preCondition" finished-at="2024-09-23T13:56:47 IST" duration-ms="5290" status="PASS">
          <reporter-output>
          </reporter-output>
        </test-method> <!-- preCondition -->
        <test-method signature="runScenario(io.cucumber.testng.PickleWrapper,io.cucumber.testng.FeatureWrapper)[pri:0, instance:runner.LeadRunner@5b218417]" started-at="2024-09-23T13:56:47 IST" name="runScenario" description="Runs Cucumber Scenarios" data-provider="scenarios" finished-at="2024-09-23T13:57:07 IST" duration-ms="19951" status="PASS">
          <params>
            <param index="0">
              <value>
                <![CDATA["Editing Lead"]]>
              </value>
            </param>
            <param index="1">
              <value>
                <![CDATA["LeafTab edit Lead"]]>
              </value>
            </param>
          </params>
          <reporter-output>
          </reporter-output>
        </test-method> <!-- runScenario -->
        <test-method is-config="true" signature="postCondition()[pri:0, instance:runner.LeadRunner@5b218417]" started-at="2024-09-23T13:57:07 IST" name="postCondition" finished-at="2024-09-23T13:57:08 IST" duration-ms="489" status="PASS">
          <reporter-output>
          </reporter-output>
        </test-method> <!-- postCondition -->
        <test-method is-config="true" signature="tearDownClass()[pri:0, instance:runner.LeadRunner@5b218417]" started-at="2024-09-23T13:57:08 IST" name="tearDownClass" finished-at="2024-09-23T13:57:10 IST" duration-ms="1808" status="PASS">
          <reporter-output>
          </reporter-output>
        </test-method> <!-- tearDownClass -->
      </class> <!-- runner.LeadRunner -->
    </test> <!-- Default test -->
  </suite> <!-- Default suite -->
</testng-results>
